INFO root 2022-07-03 01:49:32,347 The is a function for turning the string into uppercase
INFO root 2022-07-03 01:49:32,349 Asking for a string as an input from user
INFO root 2022-07-03 01:50:12,601 this is My First Python programming class and i am learNING python string and its function
INFO root 2022-07-03 01:50:12,601 THIS IS MY FIRST PYTHON PROGRAMMING CLASS AND I AM LEARNING PYTHON STRING AND ITS FUNCTION
INFO root 2022-07-03 01:50:15,467 This is a function for turning the string into lowercase
INFO root 2022-07-03 01:50:15,468 Asking for a string as an input from user
INFO root 2022-07-03 01:50:18,301 this is My First Python programming class and i am learNING python string and its function
INFO root 2022-07-03 01:50:18,302 this is my first python programming class and i am learning python string and its function
INFO root 2022-07-03 01:50:20,980 This is a function for capitalizing a string
INFO root 2022-07-03 01:50:20,981 Asking for a string as an input from user
INFO root 2022-07-03 01:50:23,601 this is My First Python programming class and i am learNING python string and its function
INFO root 2022-07-03 01:50:23,601 This is my first python programming class and i am learning python string and its function
INFO root 2022-07-03 01:50:41,816 This is a function to strip spaces from both the front and end of a string
INFO root 2022-07-03 01:50:41,817 Asking for a string as an input from user
INFO root 2022-07-03 01:50:44,520      xyz     
INFO root 2022-07-03 01:50:44,521 xyz
INFO root 2022-07-03 01:50:45,614 This is a function to strip the space from the left side of the string
INFO root 2022-07-03 01:50:45,616 Asking for a string as an input from user
INFO root 2022-07-03 01:50:47,810      xyz     
INFO root 2022-07-03 01:50:47,810 xyz     
INFO root 2022-07-03 01:50:49,126 This is a function to strip the space from the right side of the string
INFO root 2022-07-03 01:50:49,126 Asking for a string as an input from user
INFO root 2022-07-03 01:50:51,238      xyz     
INFO root 2022-07-03 01:50:51,238      xyz
INFO root 2022-07-03 01:50:54,000 This is a function to align a string to a center position
INFO root 2022-07-03 01:50:54,001 Asking for a string as an input from user
INFO root 2022-07-03 01:51:09,466 abc
INFO root 2022-07-03 01:51:09,466         abc         
INFO root 2022-07-03 01:51:13,561 This is a function that turns a string into uppercase then splits it
INFO root 2022-07-03 01:51:13,562 Asking for a string as an input from user
INFO root 2022-07-03 01:51:28,839 this is My First Python programming class and i am learNING python string and its function
INFO root 2022-07-03 01:51:28,840 ['THIS', 'IS', 'MY', 'FIRST', 'PYTHON', 'PROGRAMMING', 'CLASS', 'AND', 'I', 'AM', 'LEARNING', 'PYTHON', 'STRING', 'AND', 'ITS', 'FUNCTION']
INFO root 2022-07-03 01:51:33,172 This is a function to reverse a string
INFO root 2022-07-03 01:51:33,172 Asking for a string as an input from user
INFO root 2022-07-03 01:51:35,809 this is My First Python programming class and i am learNING python string and its function
INFO root 2022-07-03 01:51:35,809 noitcnuf sti dna gnirts nohtyp GNINrael ma i dna ssalc gnimmargorp nohtyP tsriF yM si siht
INFO root 2022-07-03 01:52:16,080 This is a function to access intergers in the list
INFO root 2022-07-03 01:52:16,081 [3, 4, 5, 6, 7, [23, 456, 67, 8, 78, 78], [345, 56, 87, 8, 98, 9], (234, 6657, 6), {'key1': 'sudh', 234: [23, 45, 656]}]
INFO root 2022-07-03 01:52:16,081 [23, 456, 67, 8, 78, 78, 345, 56, 87, 8, 98, 9, 234, 6657, 6, 234, [23, 45, 656]]
INFO root 2022-07-03 01:52:17,384 This is a function to extract only list entities for the dataset
INFO root 2022-07-03 01:52:17,384 [3, 4, 5, 6, 7, [23, 456, 67, 8, 78, 78], [345, 56, 87, 8, 98, 9], (234, 6657, 6), {'key1': 'sudh', 234: [23, 45, 656]}]
INFO root 2022-07-03 01:52:17,385 [23, 456, 67, 8, 78, 78]
INFO root 2022-07-03 01:52:17,386 [345, 56, 87, 8, 98, 9]
INFO root 2022-07-03 01:52:18,085 This is a function to extract only dictionary elements from the dataset
INFO root 2022-07-03 01:52:18,085 [3, 4, 5, 6, 7, [23, 456, 67, 8, 78, 78], [345, 56, 87, 8, 98, 9], (234, 6657, 6), {'key1': 'sudh', 234: [23, 45, 656]}]
INFO root 2022-07-03 01:52:18,085 {'key1': 'sudh', 234: [23, 45, 656]}
